2026-07-15 07:33:29: ✅ Cron jobs scheduled:
2026-07-15 07:33:29:   - Schedule: Every 2 minutes
2026-07-15 07:33:29:   - Recovery: Every 5 minutes
2026-07-15 07:33:29: ✅ backupQueue.js loaded (No duplicates)
2026-07-15 07:33:29: ✅ No-response handler started
2026-07-15 07:33:29:   - Runs: Every hour
2026-07-15 07:33:29:   - Checks: Past appointments with no response
2026-07-15 07:33:29: 📋 Report scheduler started:
2026-07-15 07:33:29:   - Daily reports: Every day at 10:00 PM
2026-07-15 07:33:29:   - Weekly reports: Every Sunday at 11:00 PM
2026-07-15 07:33:29: 🚀 Server running on port 5000
2026-07-15 07:33:29: 📍 http://localhost:5000
2026-07-15 07:33:32: 🚀 Running startup recovery...
2026-07-15 07:33:32: 🔄 Recovery check...
2026-07-15 07:33:32: 📅 Today: 2026-07-15, Tomorrow: 2026-07-16
2026-07-15 07:33:32: 🕐 Current Time: 07:33:32
2026-07-15 07:33:33: ✅ MongoDB connected successfully
2026-07-15 07:33:34: 📋 Found 9 appointments needing recovery
2026-07-15 07:33:34: 
2026-07-15 07:33:34: 🔍 Checking appointment 6a56ac29519e8800802b17cc:
2026-07-15 07:33:34:   - Date: 2026-07-15
2026-07-15 07:33:34:   - Time: 09:35
2026-07-15 07:33:34:   - Diff Hours: 2.02
2026-07-15 07:33:34:   - 24h Sent: true
2026-07-15 07:33:34:   - 2h Sent: true
2026-07-15 07:33:34:   - 30min Sent: false
2026-07-15 07:33:34: 
2026-07-15 07:33:34: 🔍 Checking appointment 6a56ac3c519e8800802b17de:
2026-07-15 07:33:34:   - Date: 2026-07-15
2026-07-15 07:33:34:   - Time: 10:45
2026-07-15 07:33:34:   - Diff Hours: 3.19
2026-07-15 07:33:34:   - 24h Sent: true
2026-07-15 07:33:34:   - 2h Sent: false
2026-07-15 07:33:34:   - 30min Sent: false
2026-07-15 07:33:34: 
2026-07-15 07:33:34: 🔍 Checking appointment 6a56ac67519e8800802b1814:
2026-07-15 07:33:34:   - Date: 2026-07-15
2026-07-15 07:33:34:   - Time: 11:20
2026-07-15 07:33:34:   - Diff Hours: 3.77
2026-07-15 07:33:34:   - 24h Sent: true
2026-07-15 07:33:34:   - 2h Sent: false
2026-07-15 07:33:34:   - 30min Sent: false
2026-07-15 07:33:34: 
2026-07-15 07:33:34: 🔍 Checking appointment 6a56abf5519e8800802b179b:
2026-07-15 07:33:34:   - Date: 2026-07-15
2026-07-15 07:33:34:   - Time: 11:55
2026-07-15 07:33:34:   - Diff Hours: 4.36
2026-07-15 07:33:34:   - 24h Sent: true
2026-07-15 07:33:34:   - 2h Sent: false
2026-07-15 07:33:34:   - 30min Sent: false
2026-07-15 07:33:34: 
2026-07-15 07:33:34: 🔍 Checking appointment 6a56aaab519e8800802b168c:
2026-07-15 07:33:34:   - Date: 2026-07-15
2026-07-15 07:33:34:   - Time: 14:15
2026-07-15 07:33:34:   - Diff Hours: 6.69
2026-07-15 07:33:34:   - 24h Sent: true
2026-07-15 07:33:34:   - 2h Sent: false
2026-07-15 07:33:34:   - 30min Sent: false
2026-07-15 07:33:34: 
2026-07-15 07:33:34: 🔍 Checking appointment 6a56a9c5519e8800802b15d4:
2026-07-15 07:33:34:   - Date: 2026-07-15
2026-07-15 07:33:34:   - Time: 14:50
2026-07-15 07:33:34:   - Diff Hours: 7.27
2026-07-15 07:33:34:   - 24h Sent: true
2026-07-15 07:33:34:   - 2h Sent: false
2026-07-15 07:33:34:   - 30min Sent: false
2026-07-15 07:33:34: 
2026-07-15 07:33:34: 🔍 Checking appointment 6a56a9d1519e8800802b15e2:
2026-07-15 07:33:34:   - Date: 2026-07-15
2026-07-15 07:33:34:   - Time: 15:25
2026-07-15 07:33:34:   - Diff Hours: 7.86
2026-07-15 07:33:34:   - 24h Sent: true
2026-07-15 07:33:34:   - 2h Sent: false
2026-07-15 07:33:34:   - 30min Sent: false
2026-07-15 07:33:34: 
2026-07-15 07:33:34: 🔍 Checking appointment 6a56ab00519e8800802b16bc:
2026-07-15 07:33:34:   - Date: 2026-07-15
2026-07-15 07:33:34:   - Time: 16:00
2026-07-15 07:33:34:   - Diff Hours: 8.44
2026-07-15 07:33:34:   - 24h Sent: true
2026-07-15 07:33:34:   - 2h Sent: false
2026-07-15 07:33:34:   - 30min Sent: false
2026-07-15 07:33:34: 
2026-07-15 07:33:34: 🔍 Checking appointment 6a56a9f8519e8800802b161e:
2026-07-15 07:33:34:   - Date: 2026-07-15
2026-07-15 07:33:34:   - Time: 16:35
2026-07-15 07:33:34:   - Diff Hours: 9.02
2026-07-15 07:33:34:   - 24h Sent: true
2026-07-15 07:33:34:   - 2h Sent: false
2026-07-15 07:33:34:   - 30min Sent: false
2026-07-15 07:33:34: ✅ Recovery check completed
2026-07-15 07:33:39: 🔄 Checking for no-response appointments...
2026-07-15 07:33:39: 📋 Found 9 pending appointments to check
2026-07-15 07:33:39: ✅ Marked 0 appointments as no_response
2026-07-15 07:34:00: 🔄 Scheduling new appointments...
2026-07-15 07:34:00: ✅ No new appointments to schedule
2026-07-15 07:35:00: 🔄 Recovery check...
2026-07-15 07:35:00: 📅 Today: 2026-07-15, Tomorrow: 2026-07-16
2026-07-15 07:35:00: 🕐 Current Time: 07:35:00
2026-07-15 07:35:00: 📋 Found 9 appointments needing recovery
2026-07-15 07:35:00: 
2026-07-15 07:35:00: 🔍 Checking appointment 6a56ac29519e8800802b17cc:
2026-07-15 07:35:00:   - Date: 2026-07-15
2026-07-15 07:35:00:   - Time: 09:35
2026-07-15 07:35:00:   - Diff Hours: 2.00
2026-07-15 07:35:00:   - 24h Sent: true
2026-07-15 07:35:00:   - 2h Sent: true
2026-07-15 07:35:00:   - 30min Sent: false
2026-07-15 07:35:00: 
2026-07-15 07:35:00: 🔍 Checking appointment 6a56ac3c519e8800802b17de:
2026-07-15 07:35:00:   - Date: 2026-07-15
2026-07-15 07:35:00:   - Time: 10:45
2026-07-15 07:35:00:   - Diff Hours: 3.17
2026-07-15 07:35:00:   - 24h Sent: true
2026-07-15 07:35:00:   - 2h Sent: false
2026-07-15 07:35:00:   - 30min Sent: false
2026-07-15 07:35:00: 
2026-07-15 07:35:00: 🔍 Checking appointment 6a56ac67519e8800802b1814:
2026-07-15 07:35:00:   - Date: 2026-07-15
2026-07-15 07:35:00:   - Time: 11:20
2026-07-15 07:35:00:   - Diff Hours: 3.75
2026-07-15 07:35:00:   - 24h Sent: true
2026-07-15 07:35:00:   - 2h Sent: false
2026-07-15 07:35:00:   - 30min Sent: false
2026-07-15 07:35:00: 
2026-07-15 07:35:00: 🔍 Checking appointment 6a56abf5519e8800802b179b:
2026-07-15 07:35:00:   - Date: 2026-07-15
2026-07-15 07:35:00:   - Time: 11:55
2026-07-15 07:35:00:   - Diff Hours: 4.33
2026-07-15 07:35:00:   - 24h Sent: true
2026-07-15 07:35:00:   - 2h Sent: false
2026-07-15 07:35:00:   - 30min Sent: false
2026-07-15 07:35:00: 
2026-07-15 07:35:00: 🔍 Checking appointment 6a56aaab519e8800802b168c:
2026-07-15 07:35:00:   - Date: 2026-07-15
2026-07-15 07:35:00:   - Time: 14:15
2026-07-15 07:35:00:   - Diff Hours: 6.67
2026-07-15 07:35:00:   - 24h Sent: true
2026-07-15 07:35:00:   - 2h Sent: false
2026-07-15 07:35:00:   - 30min Sent: false
2026-07-15 07:35:00: 
2026-07-15 07:35:00: 🔍 Checking appointment 6a56a9c5519e8800802b15d4:
2026-07-15 07:35:00:   - Date: 2026-07-15
2026-07-15 07:35:00:   - Time: 14:50
2026-07-15 07:35:00:   - Diff Hours: 7.25
2026-07-15 07:35:00:   - 24h Sent: true
2026-07-15 07:35:00:   - 2h Sent: false
2026-07-15 07:35:00:   - 30min Sent: false
2026-07-15 07:35:00: 
2026-07-15 07:35:00: 🔍 Checking appointment 6a56a9d1519e8800802b15e2:
2026-07-15 07:35:00:   - Date: 2026-07-15
2026-07-15 07:35:00:   - Time: 15:25
2026-07-15 07:35:00:   - Diff Hours: 7.83
2026-07-15 07:35:00:   - 24h Sent: true
2026-07-15 07:35:00:   - 2h Sent: false
2026-07-15 07:35:00:   - 30min Sent: false
2026-07-15 07:35:00: 
2026-07-15 07:35:00: 🔍 Checking appointment 6a56ab00519e8800802b16bc:
2026-07-15 07:35:00:   - Date: 2026-07-15
2026-07-15 07:35:00:   - Time: 16:00
2026-07-15 07:35:00:   - Diff Hours: 8.42
2026-07-15 07:35:00:   - 24h Sent: true
2026-07-15 07:35:00:   - 2h Sent: false
2026-07-15 07:35:00:   - 30min Sent: false
2026-07-15 07:35:00: 
2026-07-15 07:35:00: 🔍 Checking appointment 6a56a9f8519e8800802b161e:
2026-07-15 07:35:00:   - Date: 2026-07-15
2026-07-15 07:35:00:   - Time: 16:35
2026-07-15 07:35:00:   - Diff Hours: 9.00
2026-07-15 07:35:00:   - 24h Sent: true
2026-07-15 07:35:00:   - 2h Sent: false
2026-07-15 07:35:00:   - 30min Sent: false
2026-07-15 07:35:00: ✅ Recovery check completed
2026-07-15 07:36:00: 🔄 Scheduling new appointments...
2026-07-15 07:36:00: ✅ No new appointments to schedule
2026-07-15 07:38:00: 🔄 Scheduling new appointments...
2026-07-15 07:38:00: ✅ No new appointments to schedule
